2023-02-14 13:27:32,537 INFO PERFORMANCE:|2|2|-1|-1

2023-02-14 13:32:32,555 INFO PERFORMANCE:|3|3|-1|-1

2023-02-14 13:37:32,569 INFO PERFORMANCE:|3|3|-1|-1

2023-02-14 13:42:32,584 INFO PERFORMANCE:|3|3|-1|-1

2023-02-14 13:47:32,595 INFO PERFORMANCE:|3|3|-1|-1

2023-02-14 13:52:32,600 INFO PERFORMANCE:|3|3|-1|-1

2023-02-14 13:57:32,606 INFO PERFORMANCE:|3|3|-1|-1

2023-02-14 14:02:32,616 INFO PERFORMANCE:|3|3|-1|-1

2023-02-14 14:07:32,626 INFO PERFORMANCE:|3|3|-1|-1

2023-02-14 14:12:32,640 INFO PERFORMANCE:|4|4|-1|-1

2023-02-14 14:17:32,656 INFO PERFORMANCE:|4|4|-1|-1

2023-02-14 14:22:32,659 INFO PERFORMANCE:|4|4|-1|-1

2023-02-14 14:27:32,672 INFO PERFORMANCE:|4|4|-1|-1

2023-02-14 14:32:32,684 INFO PERFORMANCE:|4|4|-1|-1

2023-02-14 14:37:32,685 INFO PERFORMANCE:|4|3|-1|-1

2023-02-14 14:42:32,694 INFO PERFORMANCE:|4|4|-1|-1

2023-02-14 14:47:32,698 INFO PERFORMANCE:|4|3|-1|-1

2023-02-14 14:52:32,704 INFO PERFORMANCE:|4|0|-1|-1

2023-02-14 14:57:32,716 INFO PERFORMANCE:|4|0|-1|-1

2023-02-14 15:02:32,719 INFO PERFORMANCE:|4|0|-1|-1

2023-02-14 15:07:32,727 INFO PERFORMANCE:|4|0|-1|-1

2023-02-14 15:12:32,728 INFO PERFORMANCE:|4|0|-1|-1

2023-02-14 15:17:32,729 INFO PERFORMANCE:|4|0|-1|-1

2023-02-14 15:22:32,729 INFO PERFORMANCE:|4|0|-1|-1

2023-02-14 15:37:07,009 INFO PERFORMANCE:|4|0|-1|-1

2023-02-14 15:42:07,017 INFO PERFORMANCE:|4|0|-1|-1

2023-02-14 15:47:07,024 INFO PERFORMANCE:|4|0|-1|-1

2023-02-14 15:52:07,036 INFO PERFORMANCE:|4|0|-1|-1

2023-02-14 15:57:07,046 INFO PERFORMANCE:|4|0|-1|-1

2023-02-14 16:02:07,055 INFO PERFORMANCE:|4|0|-1|-1

2023-02-14 16:07:07,063 INFO PERFORMANCE:|4|0|-1|-1

2023-02-14 16:12:07,064 INFO PERFORMANCE:|4|0|-1|-1

2023-02-14 16:17:07,065 INFO PERFORMANCE:|4|0|-1|-1

2023-02-14 16:22:07,078 INFO PERFORMANCE:|4|0|-1|-1

2023-02-14 16:27:07,089 INFO PERFORMANCE:|4|0|-1|-1

2023-02-14 16:32:07,097 INFO PERFORMANCE:|4|0|-1|-1

2023-02-14 16:37:07,123 INFO PERFORMANCE:|4|2|-1|-1

2023-02-14 16:42:07,124 INFO PERFORMANCE:|5|4|-1|-1

2023-02-14 16:47:07,124 INFO PERFORMANCE:|5|3|-1|-1

2023-02-14 16:52:07,125 INFO PERFORMANCE:|5|4|-1|-1

2023-02-14 17:14:54,116 INFO PERFORMANCE:|5|0|-1|-1

2023-02-14 17:19:54,118 INFO PERFORMANCE:|5|0|-1|-1

2023-02-14 17:24:54,118 INFO PERFORMANCE:|5|0|-1|-1

2023-02-14 17:29:54,119 INFO PERFORMANCE:|5|0|-1|-1

2023-02-14 17:34:54,119 INFO PERFORMANCE:|5|0|-1|-1

2023-02-14 17:39:54,119 INFO PERFORMANCE:|5|4|-1|-1

2023-02-14 17:44:54,121 INFO PERFORMANCE:|5|4|-1|-1

2023-02-14 17:49:54,122 INFO PERFORMANCE:|5|0|-1|-1

2023-02-14 17:54:54,122 INFO PERFORMANCE:|5|0|-1|-1

2023-02-14 20:26:14,747 INFO PERFORMANCE:|0|0|-1|-1

2023-02-14 20:31:14,748 INFO PERFORMANCE:|4|4|-1|-1

2023-02-14 20:36:14,749 INFO PERFORMANCE:|4|4|-1|-1

2023-02-14 20:41:14,750 INFO PERFORMANCE:|4|4|-1|-1

2023-02-14 20:46:14,750 INFO PERFORMANCE:|4|4|-1|-1

2023-02-14 20:51:14,751 INFO PERFORMANCE:|4|4|-1|-1

2023-02-14 20:56:14,752 INFO PERFORMANCE:|4|4|-1|-1

2023-02-14 21:01:14,753 INFO PERFORMANCE:|4|4|-1|-1

2023-02-14 21:06:14,754 INFO PERFORMANCE:|4|3|-1|-1

2023-02-14 21:11:14,755 INFO PERFORMANCE:|4|3|-1|-1

2023-02-14 21:16:14,756 INFO PERFORMANCE:|4|3|-1|-1

2023-02-14 21:21:14,756 INFO PERFORMANCE:|4|3|-1|-1

2023-02-14 21:26:14,757 INFO PERFORMANCE:|4|3|-1|-1

2023-02-14 21:31:14,757 INFO PERFORMANCE:|4|3|-1|-1

2023-02-14 21:36:14,758 INFO PERFORMANCE:|4|3|-1|-1

2023-02-14 21:41:14,758 INFO PERFORMANCE:|4|4|-1|-1

2023-02-14 21:46:14,759 INFO PERFORMANCE:|4|0|-1|-1

2023-02-14 21:51:14,760 INFO PERFORMANCE:|4|0|-1|-1

2023-02-14 21:56:14,760 INFO PERFORMANCE:|4|0|-1|-1

2023-02-14 22:01:14,761 INFO PERFORMANCE:|4|0|-1|-1

2023-02-14 22:06:14,762 INFO PERFORMANCE:|4|0|-1|-1

2023-02-14 22:11:14,762 INFO PERFORMANCE:|4|0|-1|-1

2023-02-14 22:16:14,763 INFO PERFORMANCE:|4|4|-1|-1

2023-02-14 22:21:14,763 INFO PERFORMANCE:|4|4|-1|-1

2023-02-14 22:26:14,764 INFO PERFORMANCE:|4|4|-1|-1

2023-02-14 22:31:14,765 INFO PERFORMANCE:|4|4|-1|-1

